c:\users\tgv99\desktop\영상 처리 프로젝트\20200815_image_project\20200815.079d0360\x64\debug\20200815_image_project.pch
c:\users\tgv99\desktop\영상 처리 프로젝트\20200815_image_project\20200815.079d0360\x64\debug\vc143.pdb
c:\users\tgv99\desktop\영상 처리 프로젝트\20200815_image_project\20200815.079d0360\x64\debug\vc143.idb
c:\users\tgv99\desktop\영상 처리 프로젝트\20200815_image_project\20200815.079d0360\x64\debug\pch.obj
c:\users\tgv99\desktop\영상 처리 프로젝트\20200815_image_project\20200815.079d0360\x64\debug\mainfrm.obj
c:\users\tgv99\desktop\영상 처리 프로젝트\20200815_image_project\20200815.079d0360\x64\debug\childfrm.obj
c:\users\tgv99\desktop\영상 처리 프로젝트\20200815_image_project\20200815.079d0360\x64\debug\cangleindialog.obj
c:\users\tgv99\desktop\영상 처리 프로젝트\20200815_image_project\20200815.079d0360\x64\debug\20200815_image_projectview.obj
c:\users\tgv99\desktop\영상 처리 프로젝트\20200815_image_project\20200815.079d0360\x64\debug\20200815_image_projectdoc.obj
c:\users\tgv99\desktop\영상 처리 프로젝트\20200815_image_project\20200815.079d0360\x64\debug\20200815_image_project.obj
c:\users\tgv99\desktop\영상 처리 프로젝트\20200815_image_project\x64\debug\20200815_image_project.exe
c:\users\tgv99\desktop\영상 처리 프로젝트\20200815_image_project\x64\debug\20200815_image_project.pdb
c:\users\tgv99\desktop\영상 처리 프로젝트\20200815_image_project\20200815.079d0360\x64\debug\my20200815imageproject.res
c:\users\tgv99\desktop\영상 처리 프로젝트\20200815_image_project\20200815.079d0360\x64\debug\20200815_image_project.ilk
c:\users\tgv99\desktop\영상 처리 프로젝트\20200815_image_project\20200815.079d0360\x64\debug\20200815.079d0360.tlog\cl.command.1.tlog
c:\users\tgv99\desktop\영상 처리 프로젝트\20200815_image_project\20200815.079d0360\x64\debug\20200815.079d0360.tlog\cl.items.tlog
c:\users\tgv99\desktop\영상 처리 프로젝트\20200815_image_project\20200815.079d0360\x64\debug\20200815.079d0360.tlog\cl.read.1.tlog
c:\users\tgv99\desktop\영상 처리 프로젝트\20200815_image_project\20200815.079d0360\x64\debug\20200815.079d0360.tlog\cl.write.1.tlog
c:\users\tgv99\desktop\영상 처리 프로젝트\20200815_image_project\20200815.079d0360\x64\debug\20200815.079d0360.tlog\link.command.1.tlog
c:\users\tgv99\desktop\영상 처리 프로젝트\20200815_image_project\20200815.079d0360\x64\debug\20200815.079d0360.tlog\link.read.1.tlog
c:\users\tgv99\desktop\영상 처리 프로젝트\20200815_image_project\20200815.079d0360\x64\debug\20200815.079d0360.tlog\link.secondary.1.tlog
c:\users\tgv99\desktop\영상 처리 프로젝트\20200815_image_project\20200815.079d0360\x64\debug\20200815.079d0360.tlog\link.write.1.tlog
c:\users\tgv99\desktop\영상 처리 프로젝트\20200815_image_project\20200815.079d0360\x64\debug\20200815.079d0360.tlog\rc.command.1.tlog
c:\users\tgv99\desktop\영상 처리 프로젝트\20200815_image_project\20200815.079d0360\x64\debug\20200815.079d0360.tlog\rc.read.1.tlog
c:\users\tgv99\desktop\영상 처리 프로젝트\20200815_image_project\20200815.079d0360\x64\debug\20200815.079d0360.tlog\rc.write.1.tlog
